\BOOKMARK [0][-]{chapter.1}{Introducci\363n}{}% 1
\BOOKMARK [1][-]{section.1.1}{Descripci\363n del proyecto}{chapter.1}% 2
\BOOKMARK [0][-]{chapter.2}{An\341lisis del problema}{}% 3
\BOOKMARK [1][-]{section.2.1}{Requerimientos Funcionales}{chapter.2}% 4
\BOOKMARK [2][-]{subsection.2.1.1}{Requerimientos globales}{section.2.1}% 5
\BOOKMARK [2][-]{subsection.2.1.2}{Jefa de Gesti\363n Escolar}{section.2.1}% 6
\BOOKMARK [2][-]{subsection.2.1.3}{Autoridad Pertinente}{section.2.1}% 7
\BOOKMARK [2][-]{subsection.2.1.4}{Analista}{section.2.1}% 8
\BOOKMARK [2][-]{subsection.2.1.5}{Alumno / Egresado}{section.2.1}% 9
\BOOKMARK [2][-]{subsection.2.1.6}{Departamentos escolares}{section.2.1}% 10
\BOOKMARK [1][-]{section.2.2}{Requerimientos no funcionales}{chapter.2}% 11
\BOOKMARK [1][-]{section.2.3}{Digramas de casos de uso}{chapter.2}% 12
\BOOKMARK [0][-]{chapter.3}{Descripcion de los Casos de uso}{}% 13
\BOOKMARK [1][-]{section.3.1}{Analista}{chapter.3}% 14
\BOOKMARK [1][-]{section.3.2}{CUG02 Iniciar sesi\363n empleado}{chapter.3}% 15
\BOOKMARK [2][-]{subsection.3.2.1}{Descripci\363n completa}{section.3.2}% 16
\BOOKMARK [2][-]{subsection.3.2.2}{Atributos importantes}{section.3.2}% 17
\BOOKMARK [2][-]{subsection.3.2.3}{Trayectorias del Caso de Uso}{section.3.2}% 18
\BOOKMARK [1][-]{section.3.3}{CUA03 Gestionar solicitudes}{chapter.3}% 19
\BOOKMARK [2][-]{subsection.3.3.1}{Descripci\363n completa}{section.3.3}% 20
\BOOKMARK [2][-]{subsection.3.3.2}{Atributos importantes}{section.3.3}% 21
\BOOKMARK [2][-]{subsection.3.3.3}{Trayectorias del Caso de Uso}{section.3.3}% 22
\BOOKMARK [1][-]{section.3.4}{CUA02 Actualizar estado}{chapter.3}% 23
\BOOKMARK [2][-]{subsection.3.4.1}{Descripci\363n completa}{section.3.4}% 24
\BOOKMARK [2][-]{subsection.3.4.2}{Atributos importantes}{section.3.4}% 25
\BOOKMARK [2][-]{subsection.3.4.3}{Trayectorias del Caso de Uso}{section.3.4}% 26
\BOOKMARK [1][-]{section.3.5}{Autoridad pertinente}{chapter.3}% 27
\BOOKMARK [1][-]{section.3.6}{Departamento escolar}{chapter.3}% 28
\BOOKMARK [1][-]{section.3.7}{ Alumno/Egresado}{chapter.3}% 29
\BOOKMARK [1][-]{section.3.8}{CUG01 Iniciar sesi\363n estudiante}{chapter.3}% 30
\BOOKMARK [2][-]{subsection.3.8.1}{Descripci\363n completa}{section.3.8}% 31
\BOOKMARK [2][-]{subsection.3.8.2}{Atributos importantes}{section.3.8}% 32
\BOOKMARK [2][-]{subsection.3.8.3}{Trayectorias del Caso de Uso}{section.3.8}% 33
\BOOKMARK [1][-]{section.3.9}{CUEE02 Solicitar tr\341mite}{chapter.3}% 34
\BOOKMARK [2][-]{subsection.3.9.1}{Descripci\363n completa}{section.3.9}% 35
\BOOKMARK [2][-]{subsection.3.9.2}{Atributos importantes}{section.3.9}% 36
\BOOKMARK [2][-]{subsection.3.9.3}{Trayectorias del Caso de Uso}{section.3.9}% 37
\BOOKMARK [1][-]{section.3.10}{CUEE03 Consultar estatus de los tramites solicitados}{chapter.3}% 38
\BOOKMARK [2][-]{subsection.3.10.1}{Descripci\363n completa}{section.3.10}% 39
\BOOKMARK [2][-]{subsection.3.10.2}{Atributos importantes}{section.3.10}% 40
\BOOKMARK [2][-]{subsection.3.10.3}{Trayectorias del Caso de Uso}{section.3.10}% 41
\BOOKMARK [0][-]{chapter.4}{Interacci\363n con el usuario \(UI\)}{}% 42
\BOOKMARK [1][-]{section.4.1}{Analista}{chapter.4}% 43
\BOOKMARK [2][-]{subsection.4.1.1}{CUG02 Iniciar Sesi\363n Empleado}{section.4.1}% 44
\BOOKMARK [1][-]{section.4.2}{Autoridad pertinente}{chapter.4}% 45
\BOOKMARK [1][-]{section.4.3}{Departamento escolar}{chapter.4}% 46
\BOOKMARK [1][-]{section.4.4}{ Alumno/Egresado}{chapter.4}% 47
\BOOKMARK [2][-]{subsection.4.4.1}{CUG01 Iniciar Sesi\363n Estudiante/Egresado}{section.4.4}% 48
\BOOKMARK [2][-]{subsection.4.4.2}{CUEE02 Solicitar tr\341mite}{section.4.4}% 49
\BOOKMARK [2][-]{subsection.4.4.3}{CUEE03 Consultar estatus de los tramites solicitados}{section.4.4}% 50
